  Menu.cpp
C:\Users\jc401\source\repos\Project1SFML\Project1SFML\Menu.cpp(18,32): warning C4244: 'argumento': conversión de 'float' a 'T'; posible pérdida de datos
C:\Users\jc401\source\repos\Project1SFML\Project1SFML\Menu.cpp(18,32): warning C4244:         with
C:\Users\jc401\source\repos\Project1SFML\Project1SFML\Menu.cpp(18,32): warning C4244:         [
C:\Users\jc401\source\repos\Project1SFML\Project1SFML\Menu.cpp(18,32): warning C4244:             T=unsigned int
C:\Users\jc401\source\repos\Project1SFML\Project1SFML\Menu.cpp(18,32): warning C4244:         ]
C:\Users\jc401\source\repos\Project1SFML\Project1SFML\Menu.cpp(18,25): warning C4244: 'argumento': conversión de 'float' a 'T'; posible pérdida de datos
C:\Users\jc401\source\repos\Project1SFML\Project1SFML\Menu.cpp(18,25): warning C4244:         with
C:\Users\jc401\source\repos\Project1SFML\Project1SFML\Menu.cpp(18,25): warning C4244:         [
C:\Users\jc401\source\repos\Project1SFML\Project1SFML\Menu.cpp(18,25): warning C4244:             T=unsigned int
C:\Users\jc401\source\repos\Project1SFML\Project1SFML\Menu.cpp(18,25): warning C4244:         ]
  Sfml.cpp
C:\Users\jc401\source\repos\Project1SFML\Project1SFML\Sfml.cpp(7,6): warning C4326: el tipo de valor devuelto de 'main' debe ser 'int' en lugar de 'void'
C:\Users\jc401\source\repos\Project1SFML\Project1SFML\Sfml.cpp(10,44): warning C4244: 'argumento': conversión de 'T' a 'float'; posible pérdida de datos
C:\Users\jc401\source\repos\Project1SFML\Project1SFML\Sfml.cpp(10,44): warning C4244:         with
C:\Users\jc401\source\repos\Project1SFML\Project1SFML\Sfml.cpp(10,44): warning C4244:         [
C:\Users\jc401\source\repos\Project1SFML\Project1SFML\Sfml.cpp(10,44): warning C4244:             T=unsigned int
C:\Users\jc401\source\repos\Project1SFML\Project1SFML\Sfml.cpp(10,44): warning C4244:         ]
C:\Users\jc401\source\repos\Project1SFML\Project1SFML\Sfml.cpp(10,26): warning C4244: 'argumento': conversión de 'T' a 'float'; posible pérdida de datos
C:\Users\jc401\source\repos\Project1SFML\Project1SFML\Sfml.cpp(10,26): warning C4244:         with
C:\Users\jc401\source\repos\Project1SFML\Project1SFML\Sfml.cpp(10,26): warning C4244:         [
C:\Users\jc401\source\repos\Project1SFML\Project1SFML\Sfml.cpp(10,26): warning C4244:             T=unsigned int
C:\Users\jc401\source\repos\Project1SFML\Project1SFML\Sfml.cpp(10,26): warning C4244:         ]
  Generando código...
  Project1SFML.vcxproj -> C:\Users\jc401\source\repos\Project1SFML\x64\Debug\Project1SFML.exe
